Ignoring exception in command None
discord.ext.commands.errors.CommandNotFound: Command "m" is not found
Ignoring exception in command None
discord.ext.commands.errors.CommandNotFound: Command "m" is not found
Ignoring exception in command None
discord.ext.commands.errors.CommandNotFound: Command "m" is not found
Ignoring exception in command None
discord.ext.commands.errors.CommandNotFound: Command "m" is not found
Ignoring exception in command None
discord.ext.commands.errors.CommandNotFound: Command "m" is not found
Ignoring exception in command None
discord.ext.commands.errors.CommandNotFound: Command "m" is not found
Ignoring exception in command None
discord.ext.commands.errors.CommandNotFound: Command "m" is not found
Ignoring exception in command None
discord.ext.commands.errors.CommandNotFound: Command "m" is not found
Ignoring exception in command None
discord.ext.commands.errors.CommandNotFound: Command "m" is not found
Ignoring exception in command None
discord.ext.commands.errors.CommandNotFound: Command "m" is not found
Ignoring exception in on_message
Traceback (most recent call last):
  File "/home/baikonur/.pyenv/versions/3.6.4/lib/python3.6/site-packages/discord/client.py", line 307, in _run_event
    yield from getattr(self, event)(*args, **kwargs)
  File "mokujin.py", line 144, in on_message
    await bot.delete_message(msg)
  File "/home/baikonur/.pyenv/versions/3.6.4/lib/python3.6/site-packages/discord/client.py", line 1263, in delete_message
    yield from self.http.delete_message(channel.id, message.id, guild_id)
  File "/home/baikonur/.pyenv/versions/3.6.4/lib/python3.6/site-packages/discord/http.py", line 198, in request
    raise NotFound(r, data)
discord.errors.NotFound: NOT FOUND (status code: 404): Unknown Message
Ignoring exception in command None
discord.ext.commands.errors.CommandNotFound: Command "m" is not found
Ignoring exception in command None
discord.ext.commands.errors.CommandNotFound: Command "m" is not found
Ignoring exception in command None
discord.ext.commands.errors.CommandNotFound: Command "m" is not found
Ignoring exception in command None
discord.ext.commands.errors.CommandNotFound: Command "m" is not found
Ignoring exception in command None
discord.ext.commands.errors.CommandNotFound: Command "m" is not found
Ignoring exception in command None
discord.ext.commands.errors.CommandNotFound: Command "m" is not found
Ignoring exception in command None
discord.ext.commands.errors.CommandNotFound: Command "m" is not found
Ignoring exception in command None
discord.ext.commands.errors.CommandNotFound: Command "m" is not found
Ignoring exception in command None
discord.ext.commands.errors.CommandNotFound: Command "m" is not found
Ignoring exception in command None
discord.ext.commands.errors.CommandNotFound: Command "m" is not found
Ignoring exception in command None
discord.ext.commands.errors.CommandNotFound: Command "m" is not found
Ignoring exception in command None
discord.ext.commands.errors.CommandNotFound: Command "m" is not found
Ignoring exception in command None
discord.ext.commands.errors.CommandNotFound: Command "m" is not found
Ignoring exception in command None
discord.ext.commands.errors.CommandNotFound: Command "m" is not found
Ignoring exception in command None
discord.ext.commands.errors.CommandNotFound: Command "m" is not found
Ignoring exception in command None
discord.ext.commands.errors.CommandNotFound: Command "m" is not found
Ignoring exception in command None
discord.ext.commands.errors.CommandNotFound: Command "m" is not found
Ignoring exception in command None
discord.ext.commands.errors.CommandNotFound: Command "m" is not found
Ignoring exception in command None
discord.ext.commands.errors.CommandNotFound: Command "m" is not found
Ignoring exception in command None
discord.ext.commands.errors.CommandNotFound: Command "m" is not found
Ignoring exception in command None
discord.ext.commands.errors.CommandNotFound: Command "m" is not found
Ignoring exception in command None
discord.ext.commands.errors.CommandNotFound: Command "m" is not found
Ignoring exception in command None
discord.ext.commands.errors.CommandNotFound: Command "m" is not found
Ignoring exception in command None
discord.ext.commands.errors.CommandNotFound: Command "m" is not found
Ignoring exception in command None
discord.ext.commands.errors.CommandNotFound: Command "m" is not found
Ignoring exception in command None
discord.ext.commands.errors.CommandNotFound: Command "m" is not found
Ignoring exception in command None
discord.ext.commands.errors.CommandNotFound: Command "m" is not found
Ignoring exception in command None
discord.ext.commands.errors.CommandNotFound: Command ".." is not found
Ignoring exception in command None
discord.ext.commands.errors.CommandNotFound: Command "m" is not found
Ignoring exception in command None
discord.ext.commands.errors.CommandNotFound: Command "m" is not found
Ignoring exception in command None
discord.ext.commands.errors.CommandNotFound: Command "m" is not found
Ignoring exception in command None
discord.ext.commands.errors.CommandNotFound: Command "m" is not found
Ignoring exception in command None
discord.ext.commands.errors.CommandNotFound: Command "m" is not found
Ignoring exception in command None
discord.ext.commands.errors.CommandNotFound: Command "m" is not found
Ignoring exception in command None
discord.ext.commands.errors.CommandNotFound: Command "m" is not found
Ignoring exception in command None
discord.ext.commands.errors.CommandNotFound: Command "m" is not found
Ignoring exception in command None
discord.ext.commands.errors.CommandNotFound: Command "m" is not found
Ignoring exception in command None
discord.ext.commands.errors.CommandNotFound: Command "m" is not found
Ignoring exception in command None
discord.ext.commands.errors.CommandNotFound: Command "m" is not found
Ignoring exception in command None
discord.ext.commands.errors.CommandNotFound: Command "m" is not found
Ignoring exception in command None
discord.ext.commands.errors.CommandNotFound: Command "m" is not found
Ignoring exception in command None
discord.ext.commands.errors.CommandNotFound: Command "m" is not found
Ignoring exception in command None
discord.ext.commands.errors.CommandNotFound: Command "m" is not found
Ignoring exception in command None
discord.ext.commands.errors.CommandNotFound: Command "m" is not found
Ignoring exception in command None
discord.ext.commands.errors.CommandNotFound: Command "m" is not found
Ignoring exception in command None
discord.ext.commands.errors.CommandNotFound: Command "m" is not found
Ignoring exception in command None
discord.ext.commands.errors.CommandNotFound: Command "m" is not found
Ignoring exception in command None
discord.ext.commands.errors.CommandNotFound: Command "m" is not found
Ignoring exception in command None
discord.ext.commands.errors.CommandNotFound: Command "m" is not found
Ignoring exception in command None
discord.ext.commands.errors.CommandNotFound: Command "m" is not found
Ignoring exception in command None
discord.ext.commands.errors.CommandNotFound: Command "m" is not found
Ignoring exception in command None
discord.ext.commands.errors.CommandNotFound: Command "m" is not found
Ignoring exception in command None
discord.ext.commands.errors.CommandNotFound: Command "m" is not found
Ignoring exception in command None
discord.ext.commands.errors.CommandNotFound: Command "m" is not found
Ignoring exception in command None
discord.ext.commands.errors.CommandNotFound: Command "m" is not found
Ignoring exception in command None
discord.ext.commands.errors.CommandNotFound: Command "m" is not found
Ignoring exception in command None
discord.ext.commands.errors.CommandNotFound: Command "m" is not found
Ignoring exception in command None
discord.ext.commands.errors.CommandNotFound: Command "m" is not found
Ignoring exception in command None
discord.ext.commands.errors.CommandNotFound: Command "m" is not found
Ignoring exception in command None
discord.ext.commands.errors.CommandNotFound: Command "m" is not found
Ignoring exception in command None
discord.ext.commands.errors.CommandNotFound: Command "m" is not found
Ignoring exception in command None
discord.ext.commands.errors.CommandNotFound: Command "m" is not found
Ignoring exception in command None
discord.ext.commands.errors.CommandNotFound: Command "m" is not found
Ignoring exception in command None
discord.ext.commands.errors.CommandNotFound: Command "m" is not found
Ignoring exception in command None
discord.ext.commands.errors.CommandNotFound: Command "m" is not found
Ignoring exception in command None
discord.ext.commands.errors.CommandNotFound: Command "m" is not found
Ignoring exception in command None
discord.ext.commands.errors.CommandNotFound: Command "m" is not found
Ignoring exception in command None
discord.ext.commands.errors.CommandNotFound: Command "m" is not found
Ignoring exception in command None
discord.ext.commands.errors.CommandNotFound: Command "m" is not found
Ignoring exception in command None
discord.ext.commands.errors.CommandNotFound: Command "m" is not found
Ignoring exception in command None
discord.ext.commands.errors.CommandNotFound: Command "m" is not found
Ignoring exception in command None
discord.ext.commands.errors.CommandNotFound: Command "m" is not found
Ignoring exception in command None
discord.ext.commands.errors.CommandNotFound: Command "m" is not found
Ignoring exception in command None
discord.ext.commands.errors.CommandNotFound: Command "m" is not found
Ignoring exception in command None
discord.ext.commands.errors.CommandNotFound: Command "m" is not found
Ignoring exception in command None
discord.ext.commands.errors.CommandNotFound: Command "m" is not found
Ignoring exception in command None
discord.ext.commands.errors.CommandNotFound: Command "m" is not found
Ignoring exception in command None
discord.ext.commands.errors.CommandNotFound: Command "m" is not found
Ignoring exception in command None
discord.ext.commands.errors.CommandNotFound: Command "m" is not found
Ignoring exception in command None
discord.ext.commands.errors.CommandNotFound: Command "m" is not found
Ignoring exception in command None
discord.ext.commands.errors.CommandNotFound: Command "m" is not found
Ignoring exception in command None
discord.ext.commands.errors.CommandNotFound: Command "m" is not found
Ignoring exception in command None
discord.ext.commands.errors.CommandNotFound: Command "..." is not found
Ignoring exception in command None
discord.ext.commands.errors.CommandNotFound: Command "..." is not found
Ignoring exception in command None
discord.ext.commands.errors.CommandNotFound: Command "m" is not found
Ignoring exception in command None
discord.ext.commands.errors.CommandNotFound: Command "m" is not found
Ignoring exception in command None
discord.ext.commands.errors.CommandNotFound: Command "m" is not found
Ignoring exception in command None
discord.ext.commands.errors.CommandNotFound: Command "m" is not found
Ignoring exception in command None
discord.ext.commands.errors.CommandNotFound: Command "m" is not found
Ignoring exception in command None
discord.ext.commands.errors.CommandNotFound: Command "m" is not found
Ignoring exception in command None
discord.ext.commands.errors.CommandNotFound: Command "m" is not found
Ignoring exception in command None
discord.ext.commands.errors.CommandNotFound: Command "m" is not found
Ignoring exception in command None
discord.ext.commands.errors.CommandNotFound: Command "m" is not found
Ignoring exception in command None
discord.ext.commands.errors.CommandNotFound: Command "m" is not found
Ignoring exception in command None
discord.ext.commands.errors.CommandNotFound: Command "m" is not found
Ignoring exception in command None
discord.ext.commands.errors.CommandNotFound: Command "m" is not found
Ignoring exception in command None
discord.ext.commands.errors.CommandNotFound: Command "m" is not found
Ignoring exception in command None
discord.ext.commands.errors.CommandNotFound: Command "m" is not found
Ignoring exception in command None
discord.ext.commands.errors.CommandNotFound: Command "m" is not found
Ignoring exception in command None
discord.ext.commands.errors.CommandNotFound: Command "m" is not found
Ignoring exception in command None
discord.ext.commands.errors.CommandNotFound: Command "m" is not found
Ignoring exception in command None
discord.ext.commands.errors.CommandNotFound: Command "m" is not found
Ignoring exception in command None
discord.ext.commands.errors.CommandNotFound: Command "m" is not found
Ignoring exception in command None
discord.ext.commands.errors.CommandNotFound: Command "m" is not found
Ignoring exception in command None
discord.ext.commands.errors.CommandNotFound: Command "m" is not found
Ignoring exception in command None
discord.ext.commands.errors.CommandNotFound: Command "m" is not found
Ignoring exception in command None
discord.ext.commands.errors.CommandNotFound: Command "ot" is not found
Ignoring exception in command None
discord.ext.commands.errors.CommandNotFound: Command "m" is not found
Ignoring exception in command None
discord.ext.commands.errors.CommandNotFound: Command "m" is not found
Ignoring exception in command None
discord.ext.commands.errors.CommandNotFound: Command "m" is not found
Ignoring exception in command None
discord.ext.commands.errors.CommandNotFound: Command ".tällä" is not found
Ignoring exception in command None
discord.ext.commands.errors.CommandNotFound: Command "m" is not found
Ignoring exception in command None
discord.ext.commands.errors.CommandNotFound: Command "m" is not found
Ignoring exception in command None
discord.ext.commands.errors.CommandNotFound: Command "m" is not found
Ignoring exception in command None
discord.ext.commands.errors.CommandNotFound: Command "m" is not found
Ignoring exception in command None
discord.ext.commands.errors.CommandNotFound: Command "m" is not found
Ignoring exception in command None
discord.ext.commands.errors.CommandNotFound: Command "m" is not found
Ignoring exception in command None
discord.ext.commands.errors.CommandNotFound: Command "m" is not found
Ignoring exception in command None
discord.ext.commands.errors.CommandNotFound: Command "m" is not found
Ignoring exception in command None
discord.ext.commands.errors.CommandNotFound: Command "m" is not found
Ignoring exception in command None
discord.ext.commands.errors.CommandNotFound: Command "m" is not found
Ignoring exception in command None
discord.ext.commands.errors.CommandNotFound: Command "m" is not found
Ignoring exception in command None
discord.ext.commands.errors.CommandNotFound: Command "m" is not found
Ignoring exception in command None
discord.ext.commands.errors.CommandNotFound: Command "m" is not found
Ignoring exception in command None
discord.ext.commands.errors.CommandNotFound: Command "m" is not found
Ignoring exception in command None
discord.ext.commands.errors.CommandNotFound: Command "m" is not found
Ignoring exception in command None
discord.ext.commands.errors.CommandNotFound: Command "m" is not found
Ignoring exception in command None
discord.ext.commands.errors.CommandNotFound: Command "m" is not found
Ignoring exception in command None
discord.ext.commands.errors.CommandNotFound: Command "m" is not found
Ignoring exception in command None
discord.ext.commands.errors.CommandNotFound: Command "m" is not found
Ignoring exception in command None
discord.ext.commands.errors.CommandNotFound: Command "m" is not found
Ignoring exception in command None
discord.ext.commands.errors.CommandNotFound: Command "m" is not found
Ignoring exception in command None
discord.ext.commands.errors.CommandNotFound: Command "m" is not found
Ignoring exception in command None
discord.ext.commands.errors.CommandNotFound: Command "m" is not found
Ignoring exception in command None
discord.ext.commands.errors.CommandNotFound: Command "m" is not found
Ignoring exception in command None
discord.ext.commands.errors.CommandNotFound: Command "m" is not found
Ignoring exception in command None
discord.ext.commands.errors.CommandNotFound: Command "m" is not found
Ignoring exception in command None
discord.ext.commands.errors.CommandNotFound: Command "m" is not found
Ignoring exception in command None
discord.ext.commands.errors.CommandNotFound: Command "m" is not found
Ignoring exception in command None
discord.ext.commands.errors.CommandNotFound: Command "m" is not found
Ignoring exception in command None
discord.ext.commands.errors.CommandNotFound: Command "m" is not found
Ignoring exception in command None
discord.ext.commands.errors.CommandNotFound: Command "m" is not found
Ignoring exception in command None
discord.ext.commands.errors.CommandNotFound: Command "m" is not found
Ignoring exception in command None
discord.ext.commands.errors.CommandNotFound: Command "m" is not found
Ignoring exception in command None
discord.ext.commands.errors.CommandNotFound: Command "m" is not found
Ignoring exception in command None
discord.ext.commands.errors.CommandNotFound: Command "m" is not found
Ignoring exception in command None
discord.ext.commands.errors.CommandNotFound: Command "m" is not found
Ignoring exception in command None
discord.ext.commands.errors.CommandNotFound: Command "execute" is not found
Ignoring exception in command None
discord.ext.commands.errors.CommandNotFound: Command "m" is not found
Ignoring exception in command None
discord.ext.commands.errors.CommandNotFound: Command "m" is not found
Ignoring exception in command None
discord.ext.commands.errors.CommandNotFound: Command ".." is not found
Ignoring exception in command None
discord.ext.commands.errors.CommandNotFound: Command ".." is not found
Ignoring exception in command None
discord.ext.commands.errors.CommandNotFound: Command "22" is not found
Ignoring exception in command None
discord.ext.commands.errors.CommandNotFound: Command "m" is not found
Ignoring exception in command None
discord.ext.commands.errors.CommandNotFound: Command "m" is not found
Ignoring exception in command None
discord.ext.commands.errors.CommandNotFound: Command "m" is not found
Ignoring exception in command None
discord.ext.commands.errors.CommandNotFound: Command "m" is not found
Ignoring exception in command None
discord.ext.commands.errors.CommandNotFound: Command "m" is not found
Ignoring exception in command None
discord.ext.commands.errors.CommandNotFound: Command "m" is not found
Ignoring exception in command None
discord.ext.commands.errors.CommandNotFound: Command ".." is not found
Ignoring exception in command None
discord.ext.commands.errors.CommandNotFound: Command ".."but" is not found
Ignoring exception in command None
discord.ext.commands.errors.CommandNotFound: Command "m" is not found
Ignoring exception in command None
discord.ext.commands.errors.CommandNotFound: Command "m" is not found
Ignoring exception in command None
discord.ext.commands.errors.CommandNotFound: Command "m" is not found
Ignoring exception in command None
discord.ext.commands.errors.CommandNotFound: Command "m" is not found
Ignoring exception in command None
discord.ext.commands.errors.CommandNotFound: Command "m" is not found
Ignoring exception in command None
discord.ext.commands.errors.CommandNotFound: Command "..vaikka" is not found
Ignoring exception in command None
discord.ext.commands.errors.CommandNotFound: Command "m" is not found
Ignoring exception in command None
discord.ext.commands.errors.CommandNotFound: Command "m" is not found
Ignoring exception in command None
discord.ext.commands.errors.CommandNotFound: Command "m" is not found
Ignoring exception in command None
discord.ext.commands.errors.CommandNotFound: Command "m" is not found
Ignoring exception in command None
discord.ext.commands.errors.CommandNotFound: Command "m" is not found
Ignoring exception in command None
discord.ext.commands.errors.CommandNotFound: Command "m" is not found
Ignoring exception in command None
discord.ext.commands.errors.CommandNotFound: Command "m" is not found
Ignoring exception in command None
discord.ext.commands.errors.CommandNotFound: Command "m" is not found
Ignoring exception in command None
discord.ext.commands.errors.CommandNotFound: Command "m" is not found
Ignoring exception in command None
discord.ext.commands.errors.CommandNotFound: Command "m" is not found
Ignoring exception in command None
discord.ext.commands.errors.CommandNotFound: Command "m" is not found
Ignoring exception in command None
discord.ext.commands.errors.CommandNotFound: Command "m" is not found
Ignoring exception in command None
discord.ext.commands.errors.CommandNotFound: Command "m" is not found
Ignoring exception in command None
discord.ext.commands.errors.CommandNotFound: Command "m" is not found
Ignoring exception in command None
discord.ext.commands.errors.CommandNotFound: Command "m" is not found
Ignoring exception in command None
discord.ext.commands.errors.CommandNotFound: Command "m" is not found
Ignoring exception in command None
discord.ext.commands.errors.CommandNotFound: Command "m" is not found
Ignoring exception in command None
discord.ext.commands.errors.CommandNotFound: Command "..." is not found
Ignoring exception in command None
discord.ext.commands.errors.CommandNotFound: Command "..on" is not found
Ignoring exception in command None
discord.ext.commands.errors.CommandNotFound: Command "m" is not found
Ignoring exception in command None
discord.ext.commands.errors.CommandNotFound: Command "m" is not found
Ignoring exception in command None
discord.ext.commands.errors.CommandNotFound: Command "m" is not found
Ignoring exception in command None
discord.ext.commands.errors.CommandNotFound: Command "m" is not found
Ignoring exception in command None
discord.ext.commands.errors.CommandNotFound: Command "m" is not found
Ignoring exception in command None
discord.ext.commands.errors.CommandNotFound: Command "m" is not found
Ignoring exception in command None
discord.ext.commands.errors.CommandNotFound: Command "m" is not found
Ignoring exception in command None
discord.ext.commands.errors.CommandNotFound: Command "m" is not found
Ignoring exception in command None
discord.ext.commands.errors.CommandNotFound: Command "m" is not found
Ignoring exception in command None
discord.ext.commands.errors.CommandNotFound: Command "m" is not found
Ignoring exception in command None
discord.ext.commands.errors.CommandNotFound: Command "m" is not found
Ignoring exception in command None
discord.ext.commands.errors.CommandNotFound: Command "m" is not found
Ignoring exception in command None
discord.ext.commands.errors.CommandNotFound: Command "m" is not found
Ignoring exception in command None
discord.ext.commands.errors.CommandNotFound: Command "m" is not found
Ignoring exception in command None
discord.ext.commands.errors.CommandNotFound: Command "m" is not found
Ignoring exception in command None
discord.ext.commands.errors.CommandNotFound: Command "m" is not found
Ignoring exception in command None
discord.ext.commands.errors.CommandNotFound: Command "m" is not found
Ignoring exception in command None
discord.ext.commands.errors.CommandNotFound: Command "m" is not found
Ignoring exception in command None
discord.ext.commands.errors.CommandNotFound: Command "m" is not found
Ignoring exception in command None
discord.ext.commands.errors.CommandNotFound: Command "m" is not found
Ignoring exception in command None
discord.ext.commands.errors.CommandNotFound: Command "m" is not found
Ignoring exception in command None
discord.ext.commands.errors.CommandNotFound: Command "m" is not found
Ignoring exception in command None
discord.ext.commands.errors.CommandNotFound: Command "m" is not found
Ignoring exception in command None
discord.ext.commands.errors.CommandNotFound: Command "m" is not found
Ignoring exception in command None
discord.ext.commands.errors.CommandNotFound: Command "m" is not found
Ignoring exception in command None
discord.ext.commands.errors.CommandNotFound: Command "m" is not found
Ignoring exception in command None
discord.ext.commands.errors.CommandNotFound: Command "m" is not found
Ignoring exception in command None
discord.ext.commands.errors.CommandNotFound: Command "m" is not found
Ignoring exception in command None
discord.ext.commands.errors.CommandNotFound: Command "m" is not found
Ignoring exception in command None
discord.ext.commands.errors.CommandNotFound: Command "m" is not found
Ignoring exception in command None
discord.ext.commands.errors.CommandNotFound: Command "m" is not found
Ignoring exception in command None
discord.ext.commands.errors.CommandNotFound: Command "m" is not found
Ignoring exception in command None
discord.ext.commands.errors.CommandNotFound: Command "m" is not found
Ignoring exception in command None
discord.ext.commands.errors.CommandNotFound: Command "ellis" is not found
Ignoring exception in command None
discord.ext.commands.errors.CommandNotFound: Command "m" is not found
Ignoring exception in command None
discord.ext.commands.errors.CommandNotFound: Command "m" is not found
Ignoring exception in command None
discord.ext.commands.errors.CommandNotFound: Command "m" is not found
Ignoring exception in command None
discord.ext.commands.errors.CommandNotFound: Command "m" is not found
Ignoring exception in command None
discord.ext.commands.errors.CommandNotFound: Command "m" is not found
Ignoring exception in command None
discord.ext.commands.errors.CommandNotFound: Command "m" is not found
Ignoring exception in command None
discord.ext.commands.errors.CommandNotFound: Command "m" is not found
Ignoring exception in command None
discord.ext.commands.errors.CommandNotFound: Command "m" is not found
Ignoring exception in command None
discord.ext.commands.errors.CommandNotFound: Command "m" is not found
Ignoring exception in command None
discord.ext.commands.errors.CommandNotFound: Command "m" is not found
Ignoring exception in command None
discord.ext.commands.errors.CommandNotFound: Command "m" is not found
Ignoring exception in command None
discord.ext.commands.errors.CommandNotFound: Command "m" is not found
Ignoring exception in command None
discord.ext.commands.errors.CommandNotFound: Command "m" is not found
Ignoring exception in command None
discord.ext.commands.errors.CommandNotFound: Command "m" is not found
Ignoring exception in command None
discord.ext.commands.errors.CommandNotFound: Command "m" is not found
Ignoring exception in command None
discord.ext.commands.errors.CommandNotFound: Command "m" is not found
Ignoring exception in command None
discord.ext.commands.errors.CommandNotFound: Command "m" is not found
Ignoring exception in command None
discord.ext.commands.errors.CommandNotFound: Command "m" is not found
Ignoring exception in command None
discord.ext.commands.errors.CommandNotFound: Command "m" is not found
Ignoring exception in command None
discord.ext.commands.errors.CommandNotFound: Command "m" is not found
Ignoring exception in command None
discord.ext.commands.errors.CommandNotFound: Command "m" is not found
Ignoring exception in command None
discord.ext.commands.errors.CommandNotFound: Command "m" is not found
Ignoring exception in command None
discord.ext.commands.errors.CommandNotFound: Command ".." is not found
Ignoring exception in command None
discord.ext.commands.errors.CommandNotFound: Command "m" is not found
Ignoring exception in command None
discord.ext.commands.errors.CommandNotFound: Command "m" is not found
Ignoring exception in command None
discord.ext.commands.errors.CommandNotFound: Command ".." is not found
Ignoring exception in command None
discord.ext.commands.errors.CommandNotFound: Command "m" is not found
Ignoring exception in command None
discord.ext.commands.errors.CommandNotFound: Command "m" is not found
Ignoring exception in command None
discord.ext.commands.errors.CommandNotFound: Command "m" is not found
Ignoring exception in command None
discord.ext.commands.errors.CommandNotFound: Command "m" is not found
Ignoring exception in command None
discord.ext.commands.errors.CommandNotFound: Command "m" is not found
Ignoring exception in command None
discord.ext.commands.errors.CommandNotFound: Command "m" is not found
Ignoring exception in command None
discord.ext.commands.errors.CommandNotFound: Command "m" is not found
Ignoring exception in command None
discord.ext.commands.errors.CommandNotFound: Command "m" is not found
Ignoring exception in command None
discord.ext.commands.errors.CommandNotFound: Command "m" is not found
Ignoring exception in command None
discord.ext.commands.errors.CommandNotFound: Command "...." is not found
Ignoring exception in command None
discord.ext.commands.errors.CommandNotFound: Command "m" is not found
Ignoring exception in command None
discord.ext.commands.errors.CommandNotFound: Command "m" is not found
Ignoring exception in command None
discord.ext.commands.errors.CommandNotFound: Command "m" is not found
Ignoring exception in command None
discord.ext.commands.errors.CommandNotFound: Command "m" is not found
Ignoring exception in command None
discord.ext.commands.errors.CommandNotFound: Command "m" is not found
Ignoring exception in command None
discord.ext.commands.errors.CommandNotFound: Command "m" is not found
Ignoring exception in command None
discord.ext.commands.errors.CommandNotFound: Command "m" is not found
Ignoring exception in command None
discord.ext.commands.errors.CommandNotFound: Command "M" is not found
Ignoring exception in command None
discord.ext.commands.errors.CommandNotFound: Command "m" is not found
Ignoring exception in command None
discord.ext.commands.errors.CommandNotFound: Command "m" is not found
Ignoring exception in command None
discord.ext.commands.errors.CommandNotFound: Command "m" is not found
Ignoring exception in command None
discord.ext.commands.errors.CommandNotFound: Command "m" is not found
Ignoring exception in command None
discord.ext.commands.errors.CommandNotFound: Command ".mut" is not found
Ignoring exception in command None
discord.ext.commands.errors.CommandNotFound: Command "m" is not found
Ignoring exception in command None
discord.ext.commands.errors.CommandNotFound: Command "m" is not found
Ignoring exception in command None
discord.ext.commands.errors.CommandNotFound: Command "m" is not found
Ignoring exception in command None
discord.ext.commands.errors.CommandNotFound: Command "..yleensä" is not found
Ignoring exception in command None
discord.ext.commands.errors.CommandNotFound: Command "m" is not found
Ignoring exception in command None
discord.ext.commands.errors.CommandNotFound: Command "..no" is not found
Ignoring exception in command None
discord.ext.commands.errors.CommandNotFound: Command "m" is not found
Ignoring exception in command None
discord.ext.commands.errors.CommandNotFound: Command "m" is not found
Ignoring exception in command None
discord.ext.commands.errors.CommandNotFound: Command "m" is not found
Ignoring exception in command None
discord.ext.commands.errors.CommandNotFound: Command "m" is not found
Ignoring exception in command None
discord.ext.commands.errors.CommandNotFound: Command "m" is not found
Ignoring exception in command None
discord.ext.commands.errors.CommandNotFound: Command "m" is not found
Ignoring exception in command None
discord.ext.commands.errors.CommandNotFound: Command "m" is not found
Ignoring exception in command None
discord.ext.commands.errors.CommandNotFound: Command "m" is not found
Ignoring exception in command None
discord.ext.commands.errors.CommandNotFound: Command "m" is not found
Ignoring exception in command None
discord.ext.commands.errors.CommandNotFound: Command "m" is not found
Ignoring exception in command None
discord.ext.commands.errors.CommandNotFound: Command "m" is not found
Ignoring exception in command None
discord.ext.commands.errors.CommandNotFound: Command "m" is not found
Ignoring exception in command None
discord.ext.commands.errors.CommandNotFound: Command "m" is not found
Ignoring exception in command None
discord.ext.commands.errors.CommandNotFound: Command "m" is not found
Ignoring exception in command None
discord.ext.commands.errors.CommandNotFound: Command "m" is not found
Ignoring exception in command None
discord.ext.commands.errors.CommandNotFound: Command "m" is not found
Ignoring exception in command None
discord.ext.commands.errors.CommandNotFound: Command "m" is not found
Ignoring exception in command None
discord.ext.commands.errors.CommandNotFound: Command "m" is not found
Ignoring exception in command None
discord.ext.commands.errors.CommandNotFound: Command "m" is not found
Ignoring exception in command None
discord.ext.commands.errors.CommandNotFound: Command "m" is not found
Ignoring exception in command None